Copyright 1986-2020 Xilinx, Inc. All Rights Reserved.
------------------------------------------------------------------------------------
| Tool Version : Vivado v.2020.1 (win64) Build 2902540 Wed May 27 19:54:49 MDT 2020
| Date         : Thu Apr 28 18:14:10 2022
| Host         : PC-630 running 64-bit major release  (build 9200)
| Command      : report_control_sets -verbose -file top_control_sets_placed.rpt
| Design       : top
| Device       : xc7a50ti
------------------------------------------------------------------------------------

Control Set Information

Table of Contents
-----------------
1. Summary
2. Histogram
3. Flip-Flop Distribution
4. Detailed Control Set Information

1. Summary
----------

+----------------------------------------------------------+-------+
|                          Status                          | Count |
+----------------------------------------------------------+-------+
| Total control sets                                       |     7 |
|    Minimum number of control sets                        |     7 |
|    Addition due to synthesis replication                 |     0 |
|    Addition due to physical synthesis replication        |     0 |
| Unused register locations in slices containing registers |    12 |
+----------------------------------------------------------+-------+
* Control sets can be merged at opt_design using control_set_merge or merge_equivalent_drivers
** Run report_qor_suggestions for automated merging and remapping suggestions


2. Histogram
------------

+--------------------+-------+
|       Fanout       | Count |
+--------------------+-------+
| Total control sets |     7 |
| >= 0 to < 4        |     0 |
| >= 4 to < 6        |     0 |
| >= 6 to < 8        |     1 |
| >= 8 to < 10       |     0 |
| >= 10 to < 12      |     1 |
| >= 12 to < 14      |     0 |
| >= 14 to < 16      |     0 |
| >= 16              |     5 |
+--------------------+-------+
* Control sets can be remapped at either synth_design or opt_design


3. Flip-Flop Distribution
-------------------------

+--------------+-----------------------+------------------------+-----------------+--------------+
| Clock Enable | Synchronous Set/Reset | Asynchronous Set/Reset | Total Registers | Total Slices |
+--------------+-----------------------+------------------------+-----------------+--------------+
| No           | No                    | No                     |              11 |            8 |
| No           | No                    | Yes                    |              64 |           16 |
| No           | Yes                   | No                     |              65 |           18 |
| Yes          | No                    | No                     |               0 |            0 |
| Yes          | No                    | Yes                    |              64 |           13 |
| Yes          | Yes                   | No                     |               0 |            0 |
+--------------+-----------------------+------------------------+-----------------+--------------+


4. Detailed Control Set Information
-----------------------------------

+----------------------+----------------------------------------------+--------------------------------------------+------------------+----------------+--------------+
|     Clock Signal     |                 Enable Signal                |              Set/Reset Signal              | Slice Load Count | Bel Load Count | Bels / Slice |
+----------------------+----------------------------------------------+--------------------------------------------+------------------+----------------+--------------+
|  CLK100MHZ_IBUF_BUFG |                                              | BTNC_IBUF                                  |                3 |              6 |         2.00 |
|  CLK100MHZ_IBUF_BUFG |                                              |                                            |                8 |             11 |         1.38 |
|  CLK100MHZ_IBUF_BUFG |                                              | digital_clock/create_1s_clock/clear        |                7 |             28 |         4.00 |
|  CLK100MHZ_IBUF_BUFG |                                              | Multiplexer/clk_en0/s_cnt_local[0]_i_1_n_0 |                8 |             31 |         3.88 |
|  clk_BUFG            | digital_clock/counter_hour_0                 | BTNC_IBUF                                  |                6 |             32 |         5.33 |
|  clk_BUFG            | digital_clock/counter_minute_reg[31]_i_1_n_0 | BTNC_IBUF                                  |                7 |             32 |         4.57 |
|  clk_BUFG            |                                              | BTNC_IBUF                                  |               16 |             64 |         4.00 |
+----------------------+----------------------------------------------+--------------------------------------------+------------------+----------------+--------------+


